2022.12.29 16:43:20 INFO  tracing is disabled for protocol LSP, to enable tracing of incoming and outgoing JSON messages create an empty file at d:\GitHub Repos\learning\functional programming principles in scala\progfun1-example\.metals\lsp.trace.json or C:\Users\ckinl\AppData\Local\scalameta\metals\cache\lsp.trace.json
2022.12.29 16:43:21 INFO  logging to file D:\GitHub Repos\learning\functional programming principles in scala\progfun1-example\.metals\metals.log
2022.12.29 16:43:21 INFO  Started: Metals version 0.11.9 in workspace 'D:\GitHub Repos\learning\functional programming principles in scala\progfun1-example' for client Visual Studio Code 1.74.2.
2022.12.29 16:43:23 INFO  time: initialize in 1.95s
2022.12.29 16:43:26 WARN  Build server is not auto-connectable.
2022.12.29 16:43:26 WARN  no build tool detected in workspace 'D:\GitHub Repos\learning\functional programming principles in scala\progfun1-example'. The most common cause for this problem is that the editor was opened in the wrong working directory, for example if you use sbt then the workspace directory should contain build.sbt. 
2022.12.29 16:43:26 WARN  no build target for: D:\GitHub Repos\learning\functional programming principles in scala\progfun1-example\example\src\main\scala\example\Lists.scala
2022.12.29 16:43:32 INFO  no build target found for D:\GitHub Repos\learning\functional programming principles in scala\progfun1-example\example\src\main\scala\example\Lists.scala. Using presentation compiler with project's scala-library version: 3.2.0
2022.12.29 16:43:34 INFO  time: code lens generation in 8.58s
2022.12.29 16:48:14 WARN  no build target for: D:\GitHub Repos\learning\functional programming principles in scala\progfun1-example\example\src\main\scala\example\Lists.scala
2022.12.29 16:48:14 WARN  no build target for: D:\GitHub Repos\learning\functional programming principles in scala\progfun1-example\example\src\main\scala\example\Lists.scala
Dec 29, 2022 4:48:15 PM org.eclipse.lsp4j.jsonrpc.RemoteEndpoint handleCancellation
WARNING: Unmatched cancel notification for request id 11
2022.12.29 16:48:17 WARN  no build target for: D:\GitHub Repos\learning\functional programming principles in scala\progfun1-example\example\src\main\scala\example\Lists.scala
2022.12.29 16:48:22 WARN  no build target for: D:\GitHub Repos\learning\functional programming principles in scala\progfun1-example\example\src\main\scala\example\Lists.scala
2022.12.29 16:48:26 WARN  no build target for: D:\GitHub Repos\learning\functional programming principles in scala\progfun1-example\example\src\main\scala\example\Lists.scala
2022.12.29 16:48:28 WARN  no build target for: D:\GitHub Repos\learning\functional programming principles in scala\progfun1-example\example\src\main\scala\example\Lists.scala
2022.12.29 16:48:38 WARN  no build target for: D:\GitHub Repos\learning\functional programming principles in scala\progfun1-example\example\src\main\scala\example\Lists.scala
2022.12.29 16:48:49 WARN  no build target for: D:\GitHub Repos\learning\functional programming principles in scala\progfun1-example\example\src\main\scala\example\Lists.scala
2022.12.29 16:48:51 WARN  no build target for: D:\GitHub Repos\learning\functional programming principles in scala\progfun1-example\example\src\main\scala\example\Lists.scala
2022.12.29 16:48:54 WARN  no build target for: D:\GitHub Repos\learning\functional programming principles in scala\progfun1-example\example\src\main\scala\example\Lists.scala
2022.12.29 16:48:57 WARN  no build target for: D:\GitHub Repos\learning\functional programming principles in scala\progfun1-example\example\src\main\scala\example\Lists.scala
2022.12.29 16:54:46 WARN  no build target for: D:\GitHub Repos\learning\functional programming principles in scala\progfun1-example\example\src\main\scala\example\Lists.scala
2022.12.29 16:54:46 WARN  no build target for: D:\GitHub Repos\learning\functional programming principles in scala\progfun1-example\example\src\main\scala\example\Lists.scala
2022.12.29 16:54:48 WARN  no build target for: D:\GitHub Repos\learning\functional programming principles in scala\progfun1-example\example\src\main\scala\example\Lists.scala
2022.12.29 16:54:51 WARN  no build target for: D:\GitHub Repos\learning\functional programming principles in scala\progfun1-example\example\src\main\scala\example\Lists.scala
2022.12.29 16:56:09 WARN  no build target for: D:\GitHub Repos\learning\functional programming principles in scala\progfun1-example\example\src\main\scala\example\Lists.scala
2022.12.29 17:00:14 WARN  no build target for: D:\GitHub Repos\learning\functional programming principles in scala\progfun1-example\example\src\main\scala\example\Lists.scala
2022.12.29 17:00:15 WARN  no build target for: D:\GitHub Repos\learning\functional programming principles in scala\progfun1-example\example\src\main\scala\example\Lists.scala
2022.12.29 17:00:21 WARN  no build target for: D:\GitHub Repos\learning\functional programming principles in scala\progfun1-example\example\src\main\scala\example\Lists.scala
2022.12.29 17:00:28 WARN  no build target for: D:\GitHub Repos\learning\functional programming principles in scala\progfun1-example\example\src\main\scala\example\Lists.scala
2022.12.29 17:25:14 WARN  no build target for: D:\GitHub Repos\learning\functional programming principles in scala\progfun1-example\example\src\main\scala\example\Lists.scala
2022.12.29 17:25:15 WARN  no build target for: D:\GitHub Repos\learning\functional programming principles in scala\progfun1-example\example\src\main\scala\example\Lists.scala
2022.12.29 17:25:19 WARN  no build target for: D:\GitHub Repos\learning\functional programming principles in scala\progfun1-example\example\src\main\scala\example\Lists.scala
2022.12.29 17:25:22 WARN  no build target for: D:\GitHub Repos\learning\functional programming principles in scala\progfun1-example\example\src\main\scala\example\Lists.scala
Dec 29, 2022 5:25:22 PM org.eclipse.lsp4j.jsonrpc.RemoteEndpoint handleCancellation
WARNING: Unmatched cancel notification for request id 189
2022.12.29 17:25:27 WARN  no build target for: D:\GitHub Repos\learning\functional programming principles in scala\progfun1-example\example\src\main\scala\example\Lists.scala
2022.12.29 17:25:34 WARN  no build target for: D:\GitHub Repos\learning\functional programming principles in scala\progfun1-example\example\src\main\scala\example\Lists.scala
2022.12.29 17:25:36 WARN  no build target for: D:\GitHub Repos\learning\functional programming principles in scala\progfun1-example\example\src\main\scala\example\Lists.scala
2022.12.29 17:25:39 WARN  no build target for: D:\GitHub Repos\learning\functional programming principles in scala\progfun1-example\example\src\main\scala\example\Lists.scala
2022.12.29 17:25:40 WARN  no build target for: D:\GitHub Repos\learning\functional programming principles in scala\progfun1-example\example\src\main\scala\example\Lists.scala
2022.12.29 17:25:45 WARN  no build target for: D:\GitHub Repos\learning\functional programming principles in scala\progfun1-example\example\src\main\scala\example\Lists.scala
2022.12.29 17:25:50 WARN  no build target for: D:\GitHub Repos\learning\functional programming principles in scala\progfun1-example\example\src\main\scala\example\Lists.scala
2022.12.29 17:25:54 WARN  no build target for: D:\GitHub Repos\learning\functional programming principles in scala\progfun1-example\example\src\main\scala\example\Lists.scala
2022.12.29 17:26:03 WARN  no build target for: D:\GitHub Repos\learning\functional programming principles in scala\progfun1-example\example\src\main\scala\example\Lists.scala
2022.12.29 17:26:27 WARN  no build target for: D:\GitHub Repos\learning\functional programming principles in scala\progfun1-example\example\src\main\scala\example\Lists.scala
2022.12.29 17:27:56 WARN  no build target for: D:\GitHub Repos\learning\functional programming principles in scala\progfun1-example\example\src\main\scala\example\Lists.scala
2022.12.29 17:28:03 WARN  no build target for: D:\GitHub Repos\learning\functional programming principles in scala\progfun1-example\example\src\main\scala\example\Lists.scala
2022.12.29 17:28:12 WARN  no build target for: D:\GitHub Repos\learning\functional programming principles in scala\progfun1-example\example\src\main\scala\example\Lists.scala
2022.12.29 17:28:16 WARN  no build target for: D:\GitHub Repos\learning\functional programming principles in scala\progfun1-example\example\src\main\scala\example\Lists.scala
2022.12.29 17:28:28 WARN  no build target for: D:\GitHub Repos\learning\functional programming principles in scala\progfun1-example\example\src\main\scala\example\Lists.scala
2022.12.29 17:30:05 WARN  no build target for: D:\GitHub Repos\learning\functional programming principles in scala\progfun1-example\example\src\main\scala\example\Lists.scala
2022.12.29 17:30:36 WARN  no build target for: D:\GitHub Repos\learning\functional programming principles in scala\progfun1-example\example\src\main\scala\example\Lists.scala
2022.12.29 17:30:43 WARN  no build target for: D:\GitHub Repos\learning\functional programming principles in scala\progfun1-example\example\src\main\scala\example\Lists.scala
2022.12.29 17:30:45 WARN  no build target for: D:\GitHub Repos\learning\functional programming principles in scala\progfun1-example\example\src\main\scala\example\Lists.scala
2022.12.29 17:31:48 WARN  no build target for: D:\GitHub Repos\learning\functional programming principles in scala\progfun1-example\example\src\main\scala\example\Lists.scala
2022.12.29 17:32:22 WARN  no build target for: D:\GitHub Repos\learning\functional programming principles in scala\progfun1-example\example\src\main\scala\example\Lists.scala
2022.12.29 17:32:27 WARN  no build target for: D:\GitHub Repos\learning\functional programming principles in scala\progfun1-example\example\src\main\scala\example\Lists.scala
2022.12.29 17:32:30 INFO  shutting down Metals
2023.01.03 15:50:50 INFO  tracing is disabled for protocol LSP, to enable tracing of incoming and outgoing JSON messages create an empty file at d:\GitHub Repos\learning\functional programming principles in scala\progfun1-example\.metals\lsp.trace.json or C:\Users\ckinl\AppData\Local\scalameta\metals\cache\lsp.trace.json
2023.01.03 15:50:52 INFO  logging to file D:\GitHub Repos\learning\functional programming principles in scala\progfun1-example\.metals\metals.log
2023.01.03 15:50:52 INFO  Started: Metals version 0.11.9 in workspace 'D:\GitHub Repos\learning\functional programming principles in scala\progfun1-example' for client Visual Studio Code 1.74.2.
2023.01.03 15:50:54 INFO  time: initialize in 2.44s
2023.01.03 15:50:57 WARN  Build server is not auto-connectable.
2023.01.03 15:50:57 WARN  no build tool detected in workspace 'D:\GitHub Repos\learning\functional programming principles in scala\progfun1-example'. The most common cause for this problem is that the editor was opened in the wrong working directory, for example if you use sbt then the workspace directory should contain build.sbt. 
2023.01.03 15:50:57 WARN  no build target for: D:\GitHub Repos\learning\functional programming principles in scala\progfun1-example\example\src\main\scala\example\Lists.scala
2023.01.03 15:51:04 INFO  no build target found for D:\GitHub Repos\learning\functional programming principles in scala\progfun1-example\example\src\main\scala\example\Lists.scala. Using presentation compiler with project's scala-library version: 3.2.0
2023.01.03 15:51:08 INFO  time: code lens generation in 10s
2023.01.03 15:51:58 INFO  shutting down Metals
2023.01.03 15:53:03 INFO  tracing is disabled for protocol LSP, to enable tracing of incoming and outgoing JSON messages create an empty file at d:\GitHub Repos\learning\functional programming principles in scala\progfun1-example\.metals\lsp.trace.json or C:\Users\ckinl\AppData\Local\scalameta\metals\cache\lsp.trace.json
Jan 03, 2023 3:53:04 PM org.eclipse.lsp4j.jsonrpc.RemoteEndpoint fallbackResponseError
SEVERE: Internal error: java.lang.IllegalArgumentException: Illegal character in path at index 17: file:///d:/GitHub Repos/learning/functional programming principles in scala/progfun1-example
java.util.concurrent.CompletionException: java.lang.IllegalArgumentException: Illegal character in path at index 17: file:///d:/GitHub Repos/learning/functional programming principles in scala/progfun1-example
	at java.base/java.util.concurrent.CompletableFuture.encodeThrowable(CompletableFuture.java:331)
	at java.base/java.util.concurrent.CompletableFuture.completeThrowable(CompletableFuture.java:346)
	at java.base/java.util.concurrent.CompletableFuture$UniAccept.tryFire(CompletableFuture.java:704)
	at java.base/java.util.concurrent.CompletableFuture.postComplete(CompletableFuture.java:506)
	at java.base/java.util.concurrent.CompletableFuture.completeExceptionally(CompletableFuture.java:2088)
	at scala.concurrent.java8.FuturesConvertersImpl$CF.apply(FutureConvertersImpl.scala:29)
	at scala.concurrent.java8.FuturesConvertersImpl$CF.apply(FutureConvertersImpl.scala:26)
	at scala.concurrent.impl.Promise$Transformation.run(Promise.scala:484)
	at scala.concurrent.ExecutionContext$parasitic$.execute(ExecutionContext.scala:222)
	at scala.concurrent.impl.Promise$Transformation.submitWithValue(Promise.scala:429)
	at scala.concurrent.impl.Promise$DefaultPromise.submitWithValue(Promise.scala:338)
	at scala.concurrent.impl.Promise$DefaultPromise.tryComplete0(Promise.scala:285)
	at scala.concurrent.impl.Promise$Transformation.run(Promise.scala:504)
	at java.base/java.util.concurrent.ThreadPoolExecutor.runWorker(ThreadPoolExecutor.java:1128)
	at java.base/java.util.concurrent.ThreadPoolExecutor$Worker.run(ThreadPoolExecutor.java:628)
	at java.base/java.lang.Thread.run(Thread.java:834)
Caused by: java.lang.IllegalArgumentException: Illegal character in path at index 17: file:///d:/GitHub Repos/learning/functional programming principles in scala/progfun1-example
	at java.base/java.net.URI.create(URI.java:883)
	at scala.meta.internal.mtags.MtagsEnrichments$XtensionStringMtags.toAbsolutePath(MtagsEnrichments.scala:158)
	at scala.meta.internal.metals.MetalsEnrichments$XtensionString.toAbsolutePath(MetalsEnrichments.scala:609)
	at scala.meta.internal.metals.MetalsEnrichments$XtensionString.toAbsolutePath(MetalsEnrichments.scala:606)
	at scala.meta.internal.metals.MetalsLanguageServer.updateWorkspaceDirectory(MetalsLanguageServer.scala:365)
	at scala.meta.internal.metals.MetalsLanguageServer.$anonfun$initialize$2(MetalsLanguageServer.scala:879)
	at scala.concurrent.Future$.$anonfun$apply$1(Future.scala:678)
	at scala.concurrent.impl.Promise$Transformation.run(Promise.scala:467)
	... 3 more
Caused by: java.net.URISyntaxException: Illegal character in path at index 17: file:///d:/GitHub Repos/learning/functional programming principles in scala/progfun1-example
	at java.base/java.net.URI$Parser.fail(URI.java:2915)
	at java.base/java.net.URI$Parser.checkChars(URI.java:3086)
	at java.base/java.net.URI$Parser.parseHierarchical(URI.java:3168)
	at java.base/java.net.URI$Parser.parse(URI.java:3116)
	at java.base/java.net.URI.<init>(URI.java:600)
	at java.base/java.net.URI.create(URI.java:881)
	... 10 more

2023.01.03 15:53:08 INFO  tracing is disabled for protocol LSP, to enable tracing of incoming and outgoing JSON messages create an empty file at d:\GitHub Repos\learning\functional programming principles in scala\progfun1-example\.metals\lsp.trace.json or C:\Users\ckinl\AppData\Local\scalameta\metals\cache\lsp.trace.json
Jan 03, 2023 3:53:09 PM org.eclipse.lsp4j.jsonrpc.RemoteEndpoint fallbackResponseError
SEVERE: Internal error: java.lang.IllegalArgumentException: Illegal character in path at index 17: file:///d:/GitHub Repos/learning/functional programming principles in scala/progfun1-example
java.util.concurrent.CompletionException: java.lang.IllegalArgumentException: Illegal character in path at index 17: file:///d:/GitHub Repos/learning/functional programming principles in scala/progfun1-example
	at java.base/java.util.concurrent.CompletableFuture.encodeThrowable(CompletableFuture.java:331)
	at java.base/java.util.concurrent.CompletableFuture.completeThrowable(CompletableFuture.java:346)
	at java.base/java.util.concurrent.CompletableFuture$UniAccept.tryFire(CompletableFuture.java:704)
	at java.base/java.util.concurrent.CompletableFuture.postComplete(CompletableFuture.java:506)
	at java.base/java.util.concurrent.CompletableFuture.completeExceptionally(CompletableFuture.java:2088)
	at scala.concurrent.java8.FuturesConvertersImpl$CF.apply(FutureConvertersImpl.scala:29)
	at scala.concurrent.java8.FuturesConvertersImpl$CF.apply(FutureConvertersImpl.scala:26)
	at scala.concurrent.impl.Promise$Transformation.run(Promise.scala:484)
	at scala.concurrent.ExecutionContext$parasitic$.execute(ExecutionContext.scala:222)
	at scala.concurrent.impl.Promise$Transformation.submitWithValue(Promise.scala:429)
	at scala.concurrent.impl.Promise$DefaultPromise.submitWithValue(Promise.scala:338)
	at scala.concurrent.impl.Promise$DefaultPromise.tryComplete0(Promise.scala:285)
	at scala.concurrent.impl.Promise$Transformation.run(Promise.scala:504)
	at java.base/java.util.concurrent.ThreadPoolExecutor.runWorker(ThreadPoolExecutor.java:1128)
	at java.base/java.util.concurrent.ThreadPoolExecutor$Worker.run(ThreadPoolExecutor.java:628)
	at java.base/java.lang.Thread.run(Thread.java:834)
Caused by: java.lang.IllegalArgumentException: Illegal character in path at index 17: file:///d:/GitHub Repos/learning/functional programming principles in scala/progfun1-example
	at java.base/java.net.URI.create(URI.java:883)
	at scala.meta.internal.mtags.MtagsEnrichments$XtensionStringMtags.toAbsolutePath(MtagsEnrichments.scala:158)
	at scala.meta.internal.metals.MetalsEnrichments$XtensionString.toAbsolutePath(MetalsEnrichments.scala:609)
	at scala.meta.internal.metals.MetalsEnrichments$XtensionString.toAbsolutePath(MetalsEnrichments.scala:606)
	at scala.meta.internal.metals.MetalsLanguageServer.updateWorkspaceDirectory(MetalsLanguageServer.scala:365)
	at scala.meta.internal.metals.MetalsLanguageServer.$anonfun$initialize$2(MetalsLanguageServer.scala:879)
	at scala.concurrent.Future$.$anonfun$apply$1(Future.scala:678)
	at scala.concurrent.impl.Promise$Transformation.run(Promise.scala:467)
	... 3 more
Caused by: java.net.URISyntaxException: Illegal character in path at index 17: file:///d:/GitHub Repos/learning/functional programming principles in scala/progfun1-example
	at java.base/java.net.URI$Parser.fail(URI.java:2915)
	at java.base/java.net.URI$Parser.checkChars(URI.java:3086)
	at java.base/java.net.URI$Parser.parseHierarchical(URI.java:3168)
	at java.base/java.net.URI$Parser.parse(URI.java:3116)
	at java.base/java.net.URI.<init>(URI.java:600)
	at java.base/java.net.URI.create(URI.java:881)
	... 10 more

2023.01.03 15:53:12 INFO  tracing is disabled for protocol LSP, to enable tracing of incoming and outgoing JSON messages create an empty file at d:\GitHub Repos\learning\functional programming principles in scala\progfun1-example\.metals\lsp.trace.json or C:\Users\ckinl\AppData\Local\scalameta\metals\cache\lsp.trace.json
Jan 03, 2023 3:53:13 PM org.eclipse.lsp4j.jsonrpc.RemoteEndpoint fallbackResponseError
SEVERE: Internal error: java.lang.IllegalArgumentException: Illegal character in path at index 17: file:///d:/GitHub Repos/learning/functional programming principles in scala/progfun1-example
java.util.concurrent.CompletionException: java.lang.IllegalArgumentException: Illegal character in path at index 17: file:///d:/GitHub Repos/learning/functional programming principles in scala/progfun1-example
	at java.base/java.util.concurrent.CompletableFuture.encodeThrowable(CompletableFuture.java:331)
	at java.base/java.util.concurrent.CompletableFuture.completeThrowable(CompletableFuture.java:346)
	at java.base/java.util.concurrent.CompletableFuture$UniAccept.tryFire(CompletableFuture.java:704)
	at java.base/java.util.concurrent.CompletableFuture.postComplete(CompletableFuture.java:506)
	at java.base/java.util.concurrent.CompletableFuture.completeExceptionally(CompletableFuture.java:2088)
	at scala.concurrent.java8.FuturesConvertersImpl$CF.apply(FutureConvertersImpl.scala:29)
	at scala.concurrent.java8.FuturesConvertersImpl$CF.apply(FutureConvertersImpl.scala:26)
	at scala.concurrent.impl.Promise$Transformation.run(Promise.scala:484)
	at scala.concurrent.ExecutionContext$parasitic$.execute(ExecutionContext.scala:222)
	at scala.concurrent.impl.Promise$Transformation.submitWithValue(Promise.scala:429)
	at scala.concurrent.impl.Promise$DefaultPromise.submitWithValue(Promise.scala:338)
	at scala.concurrent.impl.Promise$DefaultPromise.tryComplete0(Promise.scala:285)
	at scala.concurrent.impl.Promise$Transformation.run(Promise.scala:504)
	at java.base/java.util.concurrent.ThreadPoolExecutor.runWorker(ThreadPoolExecutor.java:1128)
	at java.base/java.util.concurrent.ThreadPoolExecutor$Worker.run(ThreadPoolExecutor.java:628)
	at java.base/java.lang.Thread.run(Thread.java:834)
Caused by: java.lang.IllegalArgumentException: Illegal character in path at index 17: file:///d:/GitHub Repos/learning/functional programming principles in scala/progfun1-example
	at java.base/java.net.URI.create(URI.java:883)
	at scala.meta.internal.mtags.MtagsEnrichments$XtensionStringMtags.toAbsolutePath(MtagsEnrichments.scala:158)
	at scala.meta.internal.metals.MetalsEnrichments$XtensionString.toAbsolutePath(MetalsEnrichments.scala:609)
	at scala.meta.internal.metals.MetalsEnrichments$XtensionString.toAbsolutePath(MetalsEnrichments.scala:606)
	at scala.meta.internal.metals.MetalsLanguageServer.updateWorkspaceDirectory(MetalsLanguageServer.scala:365)
	at scala.meta.internal.metals.MetalsLanguageServer.$anonfun$initialize$2(MetalsLanguageServer.scala:879)
	at scala.concurrent.Future$.$anonfun$apply$1(Future.scala:678)
	at scala.concurrent.impl.Promise$Transformation.run(Promise.scala:467)
	... 3 more
Caused by: java.net.URISyntaxException: Illegal character in path at index 17: file:///d:/GitHub Repos/learning/functional programming principles in scala/progfun1-example
	at java.base/java.net.URI$Parser.fail(URI.java:2915)
	at java.base/java.net.URI$Parser.checkChars(URI.java:3086)
	at java.base/java.net.URI$Parser.parseHierarchical(URI.java:3168)
	at java.base/java.net.URI$Parser.parse(URI.java:3116)
	at java.base/java.net.URI.<init>(URI.java:600)
	at java.base/java.net.URI.create(URI.java:881)
	... 10 more

2023.01.03 15:53:16 INFO  tracing is disabled for protocol LSP, to enable tracing of incoming and outgoing JSON messages create an empty file at d:\GitHub Repos\learning\functional programming principles in scala\progfun1-example\.metals\lsp.trace.json or C:\Users\ckinl\AppData\Local\scalameta\metals\cache\lsp.trace.json
Jan 03, 2023 3:53:17 PM org.eclipse.lsp4j.jsonrpc.RemoteEndpoint fallbackResponseError
SEVERE: Internal error: java.lang.IllegalArgumentException: Illegal character in path at index 17: file:///d:/GitHub Repos/learning/functional programming principles in scala/progfun1-example
java.util.concurrent.CompletionException: java.lang.IllegalArgumentException: Illegal character in path at index 17: file:///d:/GitHub Repos/learning/functional programming principles in scala/progfun1-example
	at java.base/java.util.concurrent.CompletableFuture.encodeThrowable(CompletableFuture.java:331)
	at java.base/java.util.concurrent.CompletableFuture.completeThrowable(CompletableFuture.java:346)
	at java.base/java.util.concurrent.CompletableFuture$UniAccept.tryFire(CompletableFuture.java:704)
	at java.base/java.util.concurrent.CompletableFuture.postComplete(CompletableFuture.java:506)
	at java.base/java.util.concurrent.CompletableFuture.completeExceptionally(CompletableFuture.java:2088)
	at scala.concurrent.java8.FuturesConvertersImpl$CF.apply(FutureConvertersImpl.scala:29)
	at scala.concurrent.java8.FuturesConvertersImpl$CF.apply(FutureConvertersImpl.scala:26)
	at scala.concurrent.impl.Promise$Transformation.run(Promise.scala:484)
	at scala.concurrent.ExecutionContext$parasitic$.execute(ExecutionContext.scala:222)
	at scala.concurrent.impl.Promise$Transformation.submitWithValue(Promise.scala:429)
	at scala.concurrent.impl.Promise$DefaultPromise.submitWithValue(Promise.scala:338)
	at scala.concurrent.impl.Promise$DefaultPromise.tryComplete0(Promise.scala:285)
	at scala.concurrent.impl.Promise$Transformation.run(Promise.scala:504)
	at java.base/java.util.concurrent.ThreadPoolExecutor.runWorker(ThreadPoolExecutor.java:1128)
	at java.base/java.util.concurrent.ThreadPoolExecutor$Worker.run(ThreadPoolExecutor.java:628)
	at java.base/java.lang.Thread.run(Thread.java:834)
Caused by: java.lang.IllegalArgumentException: Illegal character in path at index 17: file:///d:/GitHub Repos/learning/functional programming principles in scala/progfun1-example
	at java.base/java.net.URI.create(URI.java:883)
	at scala.meta.internal.mtags.MtagsEnrichments$XtensionStringMtags.toAbsolutePath(MtagsEnrichments.scala:158)
	at scala.meta.internal.metals.MetalsEnrichments$XtensionString.toAbsolutePath(MetalsEnrichments.scala:609)
	at scala.meta.internal.metals.MetalsEnrichments$XtensionString.toAbsolutePath(MetalsEnrichments.scala:606)
	at scala.meta.internal.metals.MetalsLanguageServer.updateWorkspaceDirectory(MetalsLanguageServer.scala:365)
	at scala.meta.internal.metals.MetalsLanguageServer.$anonfun$initialize$2(MetalsLanguageServer.scala:879)
	at scala.concurrent.Future$.$anonfun$apply$1(Future.scala:678)
	at scala.concurrent.impl.Promise$Transformation.run(Promise.scala:467)
	... 3 more
Caused by: java.net.URISyntaxException: Illegal character in path at index 17: file:///d:/GitHub Repos/learning/functional programming principles in scala/progfun1-example
	at java.base/java.net.URI$Parser.fail(URI.java:2915)
	at java.base/java.net.URI$Parser.checkChars(URI.java:3086)
	at java.base/java.net.URI$Parser.parseHierarchical(URI.java:3168)
	at java.base/java.net.URI$Parser.parse(URI.java:3116)
	at java.base/java.net.URI.<init>(URI.java:600)
	at java.base/java.net.URI.create(URI.java:881)
	... 10 more

2023.01.03 15:53:21 INFO  tracing is disabled for protocol LSP, to enable tracing of incoming and outgoing JSON messages create an empty file at d:\GitHub Repos\learning\functional programming principles in scala\progfun1-example\.metals\lsp.trace.json or C:\Users\ckinl\AppData\Local\scalameta\metals\cache\lsp.trace.json
Jan 03, 2023 3:53:22 PM org.eclipse.lsp4j.jsonrpc.RemoteEndpoint fallbackResponseError
SEVERE: Internal error: java.lang.IllegalArgumentException: Illegal character in path at index 17: file:///d:/GitHub Repos/learning/functional programming principles in scala/progfun1-example
java.util.concurrent.CompletionException: java.lang.IllegalArgumentException: Illegal character in path at index 17: file:///d:/GitHub Repos/learning/functional programming principles in scala/progfun1-example
	at java.base/java.util.concurrent.CompletableFuture.encodeThrowable(CompletableFuture.java:331)
	at java.base/java.util.concurrent.CompletableFuture.completeThrowable(CompletableFuture.java:346)
	at java.base/java.util.concurrent.CompletableFuture$UniAccept.tryFire(CompletableFuture.java:704)
	at java.base/java.util.concurrent.CompletableFuture.postComplete(CompletableFuture.java:506)
	at java.base/java.util.concurrent.CompletableFuture.completeExceptionally(CompletableFuture.java:2088)
	at scala.concurrent.java8.FuturesConvertersImpl$CF.apply(FutureConvertersImpl.scala:29)
	at scala.concurrent.java8.FuturesConvertersImpl$CF.apply(FutureConvertersImpl.scala:26)
	at scala.concurrent.impl.Promise$Transformation.run(Promise.scala:484)
	at scala.concurrent.ExecutionContext$parasitic$.execute(ExecutionContext.scala:222)
	at scala.concurrent.impl.Promise$Transformation.submitWithValue(Promise.scala:429)
	at scala.concurrent.impl.Promise$DefaultPromise.submitWithValue(Promise.scala:338)
	at scala.concurrent.impl.Promise$DefaultPromise.tryComplete0(Promise.scala:285)
	at scala.concurrent.impl.Promise$Transformation.run(Promise.scala:504)
	at java.base/java.util.concurrent.ThreadPoolExecutor.runWorker(ThreadPoolExecutor.java:1128)
	at java.base/java.util.concurrent.ThreadPoolExecutor$Worker.run(ThreadPoolExecutor.java:628)
	at java.base/java.lang.Thread.run(Thread.java:834)
Caused by: java.lang.IllegalArgumentException: Illegal character in path at index 17: file:///d:/GitHub Repos/learning/functional programming principles in scala/progfun1-example
	at java.base/java.net.URI.create(URI.java:883)
	at scala.meta.internal.mtags.MtagsEnrichments$XtensionStringMtags.toAbsolutePath(MtagsEnrichments.scala:158)
	at scala.meta.internal.metals.MetalsEnrichments$XtensionString.toAbsolutePath(MetalsEnrichments.scala:609)
	at scala.meta.internal.metals.MetalsEnrichments$XtensionString.toAbsolutePath(MetalsEnrichments.scala:606)
	at scala.meta.internal.metals.MetalsLanguageServer.updateWorkspaceDirectory(MetalsLanguageServer.scala:365)
	at scala.meta.internal.metals.MetalsLanguageServer.$anonfun$initialize$2(MetalsLanguageServer.scala:879)
	at scala.concurrent.Future$.$anonfun$apply$1(Future.scala:678)
	at scala.concurrent.impl.Promise$Transformation.run(Promise.scala:467)
	... 3 more
Caused by: java.net.URISyntaxException: Illegal character in path at index 17: file:///d:/GitHub Repos/learning/functional programming principles in scala/progfun1-example
	at java.base/java.net.URI$Parser.fail(URI.java:2915)
	at java.base/java.net.URI$Parser.checkChars(URI.java:3086)
	at java.base/java.net.URI$Parser.parseHierarchical(URI.java:3168)
	at java.base/java.net.URI$Parser.parse(URI.java:3116)
	at java.base/java.net.URI.<init>(URI.java:600)
	at java.base/java.net.URI.create(URI.java:881)
	... 10 more

2023.01.03 16:08:19 INFO  tracing is disabled for protocol LSP, to enable tracing of incoming and outgoing JSON messages create an empty file at d:\GitHub Repos\learning\functional programming principles in scala\progfun1-example\.metals\lsp.trace.json or C:\Users\ckinl\AppData\Local\scalameta\metals\cache\lsp.trace.json
Jan 03, 2023 4:08:19 PM org.eclipse.lsp4j.jsonrpc.RemoteEndpoint fallbackResponseError
SEVERE: Internal error: java.lang.IllegalArgumentException: Illegal character in path at index 17: file:///d:/GitHub Repos/learning/functional programming principles in scala/progfun1-example
java.util.concurrent.CompletionException: java.lang.IllegalArgumentException: Illegal character in path at index 17: file:///d:/GitHub Repos/learning/functional programming principles in scala/progfun1-example
	at java.base/java.util.concurrent.CompletableFuture.encodeThrowable(CompletableFuture.java:331)
	at java.base/java.util.concurrent.CompletableFuture.completeThrowable(CompletableFuture.java:346)
	at java.base/java.util.concurrent.CompletableFuture$UniAccept.tryFire(CompletableFuture.java:704)
	at java.base/java.util.concurrent.CompletableFuture.postComplete(CompletableFuture.java:506)
	at java.base/java.util.concurrent.CompletableFuture.completeExceptionally(CompletableFuture.java:2088)
	at scala.concurrent.java8.FuturesConvertersImpl$CF.apply(FutureConvertersImpl.scala:29)
	at scala.concurrent.java8.FuturesConvertersImpl$CF.apply(FutureConvertersImpl.scala:26)
	at scala.concurrent.impl.Promise$Transformation.run(Promise.scala:484)
	at scala.concurrent.ExecutionContext$parasitic$.execute(ExecutionContext.scala:222)
	at scala.concurrent.impl.Promise$Transformation.submitWithValue(Promise.scala:429)
	at scala.concurrent.impl.Promise$DefaultPromise.submitWithValue(Promise.scala:338)
	at scala.concurrent.impl.Promise$DefaultPromise.tryComplete0(Promise.scala:285)
	at scala.concurrent.impl.Promise$Transformation.run(Promise.scala:504)
	at java.base/java.util.concurrent.ThreadPoolExecutor.runWorker(ThreadPoolExecutor.java:1128)
	at java.base/java.util.concurrent.ThreadPoolExecutor$Worker.run(ThreadPoolExecutor.java:628)
	at java.base/java.lang.Thread.run(Thread.java:834)
Caused by: java.lang.IllegalArgumentException: Illegal character in path at index 17: file:///d:/GitHub Repos/learning/functional programming principles in scala/progfun1-example
	at java.base/java.net.URI.create(URI.java:883)
	at scala.meta.internal.mtags.MtagsEnrichments$XtensionStringMtags.toAbsolutePath(MtagsEnrichments.scala:158)
	at scala.meta.internal.metals.MetalsEnrichments$XtensionString.toAbsolutePath(MetalsEnrichments.scala:609)
	at scala.meta.internal.metals.MetalsEnrichments$XtensionString.toAbsolutePath(MetalsEnrichments.scala:606)
	at scala.meta.internal.metals.MetalsLanguageServer.updateWorkspaceDirectory(MetalsLanguageServer.scala:365)
	at scala.meta.internal.metals.MetalsLanguageServer.$anonfun$initialize$2(MetalsLanguageServer.scala:879)
	at scala.concurrent.Future$.$anonfun$apply$1(Future.scala:678)
	at scala.concurrent.impl.Promise$Transformation.run(Promise.scala:467)
	... 3 more
Caused by: java.net.URISyntaxException: Illegal character in path at index 17: file:///d:/GitHub Repos/learning/functional programming principles in scala/progfun1-example
	at java.base/java.net.URI$Parser.fail(URI.java:2915)
	at java.base/java.net.URI$Parser.checkChars(URI.java:3086)
	at java.base/java.net.URI$Parser.parseHierarchical(URI.java:3168)
	at java.base/java.net.URI$Parser.parse(URI.java:3116)
	at java.base/java.net.URI.<init>(URI.java:600)
	at java.base/java.net.URI.create(URI.java:881)
	... 10 more

2023.01.03 16:08:23 INFO  tracing is disabled for protocol LSP, to enable tracing of incoming and outgoing JSON messages create an empty file at d:\GitHub Repos\learning\functional programming principles in scala\progfun1-example\.metals\lsp.trace.json or C:\Users\ckinl\AppData\Local\scalameta\metals\cache\lsp.trace.json
Jan 03, 2023 4:08:24 PM org.eclipse.lsp4j.jsonrpc.RemoteEndpoint fallbackResponseError
SEVERE: Internal error: java.lang.IllegalArgumentException: Illegal character in path at index 17: file:///d:/GitHub Repos/learning/functional programming principles in scala/progfun1-example
java.util.concurrent.CompletionException: java.lang.IllegalArgumentException: Illegal character in path at index 17: file:///d:/GitHub Repos/learning/functional programming principles in scala/progfun1-example
	at java.base/java.util.concurrent.CompletableFuture.encodeThrowable(CompletableFuture.java:331)
	at java.base/java.util.concurrent.CompletableFuture.completeThrowable(CompletableFuture.java:346)
	at java.base/java.util.concurrent.CompletableFuture$UniAccept.tryFire(CompletableFuture.java:704)
	at java.base/java.util.concurrent.CompletableFuture.postComplete(CompletableFuture.java:506)
	at java.base/java.util.concurrent.CompletableFuture.completeExceptionally(CompletableFuture.java:2088)
	at scala.concurrent.java8.FuturesConvertersImpl$CF.apply(FutureConvertersImpl.scala:29)
	at scala.concurrent.java8.FuturesConvertersImpl$CF.apply(FutureConvertersImpl.scala:26)
	at scala.concurrent.impl.Promise$Transformation.run(Promise.scala:484)
	at scala.concurrent.ExecutionContext$parasitic$.execute(ExecutionContext.scala:222)
	at scala.concurrent.impl.Promise$Transformation.submitWithValue(Promise.scala:429)
	at scala.concurrent.impl.Promise$DefaultPromise.submitWithValue(Promise.scala:338)
	at scala.concurrent.impl.Promise$DefaultPromise.tryComplete0(Promise.scala:285)
	at scala.concurrent.impl.Promise$Transformation.run(Promise.scala:504)
	at java.base/java.util.concurrent.ThreadPoolExecutor.runWorker(ThreadPoolExecutor.java:1128)
	at java.base/java.util.concurrent.ThreadPoolExecutor$Worker.run(ThreadPoolExecutor.java:628)
	at java.base/java.lang.Thread.run(Thread.java:834)
Caused by: java.lang.IllegalArgumentException: Illegal character in path at index 17: file:///d:/GitHub Repos/learning/functional programming principles in scala/progfun1-example
	at java.base/java.net.URI.create(URI.java:883)
	at scala.meta.internal.mtags.MtagsEnrichments$XtensionStringMtags.toAbsolutePath(MtagsEnrichments.scala:158)
	at scala.meta.internal.metals.MetalsEnrichments$XtensionString.toAbsolutePath(MetalsEnrichments.scala:609)
	at scala.meta.internal.metals.MetalsEnrichments$XtensionString.toAbsolutePath(MetalsEnrichments.scala:606)
	at scala.meta.internal.metals.MetalsLanguageServer.updateWorkspaceDirectory(MetalsLanguageServer.scala:365)
	at scala.meta.internal.metals.MetalsLanguageServer.$anonfun$initialize$2(MetalsLanguageServer.scala:879)
	at scala.concurrent.Future$.$anonfun$apply$1(Future.scala:678)
	at scala.concurrent.impl.Promise$Transformation.run(Promise.scala:467)
	... 3 more
Caused by: java.net.URISyntaxException: Illegal character in path at index 17: file:///d:/GitHub Repos/learning/functional programming principles in scala/progfun1-example
	at java.base/java.net.URI$Parser.fail(URI.java:2915)
	at java.base/java.net.URI$Parser.checkChars(URI.java:3086)
	at java.base/java.net.URI$Parser.parseHierarchical(URI.java:3168)
	at java.base/java.net.URI$Parser.parse(URI.java:3116)
	at java.base/java.net.URI.<init>(URI.java:600)
	at java.base/java.net.URI.create(URI.java:881)
	... 10 more

2023.01.03 16:08:27 INFO  tracing is disabled for protocol LSP, to enable tracing of incoming and outgoing JSON messages create an empty file at d:\GitHub Repos\learning\functional programming principles in scala\progfun1-example\.metals\lsp.trace.json or C:\Users\ckinl\AppData\Local\scalameta\metals\cache\lsp.trace.json
Jan 03, 2023 4:08:28 PM org.eclipse.lsp4j.jsonrpc.RemoteEndpoint fallbackResponseError
SEVERE: Internal error: java.lang.IllegalArgumentException: Illegal character in path at index 17: file:///d:/GitHub Repos/learning/functional programming principles in scala/progfun1-example
java.util.concurrent.CompletionException: java.lang.IllegalArgumentException: Illegal character in path at index 17: file:///d:/GitHub Repos/learning/functional programming principles in scala/progfun1-example
	at java.base/java.util.concurrent.CompletableFuture.encodeThrowable(CompletableFuture.java:331)
	at java.base/java.util.concurrent.CompletableFuture.completeThrowable(CompletableFuture.java:346)
	at java.base/java.util.concurrent.CompletableFuture$UniAccept.tryFire(CompletableFuture.java:704)
	at java.base/java.util.concurrent.CompletableFuture.postComplete(CompletableFuture.java:506)
	at java.base/java.util.concurrent.CompletableFuture.completeExceptionally(CompletableFuture.java:2088)
	at scala.concurrent.java8.FuturesConvertersImpl$CF.apply(FutureConvertersImpl.scala:29)
	at scala.concurrent.java8.FuturesConvertersImpl$CF.apply(FutureConvertersImpl.scala:26)
	at scala.concurrent.impl.Promise$Transformation.run(Promise.scala:484)
	at scala.concurrent.ExecutionContext$parasitic$.execute(ExecutionContext.scala:222)
	at scala.concurrent.impl.Promise$Transformation.submitWithValue(Promise.scala:429)
	at scala.concurrent.impl.Promise$DefaultPromise.submitWithValue(Promise.scala:338)
	at scala.concurrent.impl.Promise$DefaultPromise.tryComplete0(Promise.scala:285)
	at scala.concurrent.impl.Promise$Transformation.run(Promise.scala:504)
	at java.base/java.util.concurrent.ThreadPoolExecutor.runWorker(ThreadPoolExecutor.java:1128)
	at java.base/java.util.concurrent.ThreadPoolExecutor$Worker.run(ThreadPoolExecutor.java:628)
	at java.base/java.lang.Thread.run(Thread.java:834)
Caused by: java.lang.IllegalArgumentException: Illegal character in path at index 17: file:///d:/GitHub Repos/learning/functional programming principles in scala/progfun1-example
	at java.base/java.net.URI.create(URI.java:883)
	at scala.meta.internal.mtags.MtagsEnrichments$XtensionStringMtags.toAbsolutePath(MtagsEnrichments.scala:158)
	at scala.meta.internal.metals.MetalsEnrichments$XtensionString.toAbsolutePath(MetalsEnrichments.scala:609)
	at scala.meta.internal.metals.MetalsEnrichments$XtensionString.toAbsolutePath(MetalsEnrichments.scala:606)
	at scala.meta.internal.metals.MetalsLanguageServer.updateWorkspaceDirectory(MetalsLanguageServer.scala:365)
	at scala.meta.internal.metals.MetalsLanguageServer.$anonfun$initialize$2(MetalsLanguageServer.scala:879)
	at scala.concurrent.Future$.$anonfun$apply$1(Future.scala:678)
	at scala.concurrent.impl.Promise$Transformation.run(Promise.scala:467)
	... 3 more
Caused by: java.net.URISyntaxException: Illegal character in path at index 17: file:///d:/GitHub Repos/learning/functional programming principles in scala/progfun1-example
	at java.base/java.net.URI$Parser.fail(URI.java:2915)
	at java.base/java.net.URI$Parser.checkChars(URI.java:3086)
	at java.base/java.net.URI$Parser.parseHierarchical(URI.java:3168)
	at java.base/java.net.URI$Parser.parse(URI.java:3116)
	at java.base/java.net.URI.<init>(URI.java:600)
	at java.base/java.net.URI.create(URI.java:881)
	... 10 more

2023.01.03 16:08:31 INFO  tracing is disabled for protocol LSP, to enable tracing of incoming and outgoing JSON messages create an empty file at d:\GitHub Repos\learning\functional programming principles in scala\progfun1-example\.metals\lsp.trace.json or C:\Users\ckinl\AppData\Local\scalameta\metals\cache\lsp.trace.json
Jan 03, 2023 4:08:32 PM org.eclipse.lsp4j.jsonrpc.RemoteEndpoint fallbackResponseError
SEVERE: Internal error: java.lang.IllegalArgumentException: Illegal character in path at index 17: file:///d:/GitHub Repos/learning/functional programming principles in scala/progfun1-example
java.util.concurrent.CompletionException: java.lang.IllegalArgumentException: Illegal character in path at index 17: file:///d:/GitHub Repos/learning/functional programming principles in scala/progfun1-example
	at java.base/java.util.concurrent.CompletableFuture.encodeThrowable(CompletableFuture.java:331)
	at java.base/java.util.concurrent.CompletableFuture.completeThrowable(CompletableFuture.java:346)
	at java.base/java.util.concurrent.CompletableFuture$UniAccept.tryFire(CompletableFuture.java:704)
	at java.base/java.util.concurrent.CompletableFuture.postComplete(CompletableFuture.java:506)
	at java.base/java.util.concurrent.CompletableFuture.completeExceptionally(CompletableFuture.java:2088)
	at scala.concurrent.java8.FuturesConvertersImpl$CF.apply(FutureConvertersImpl.scala:29)
	at scala.concurrent.java8.FuturesConvertersImpl$CF.apply(FutureConvertersImpl.scala:26)
	at scala.concurrent.impl.Promise$Transformation.run(Promise.scala:484)
	at scala.concurrent.ExecutionContext$parasitic$.execute(ExecutionContext.scala:222)
	at scala.concurrent.impl.Promise$Transformation.submitWithValue(Promise.scala:429)
	at scala.concurrent.impl.Promise$DefaultPromise.submitWithValue(Promise.scala:338)
	at scala.concurrent.impl.Promise$DefaultPromise.tryComplete0(Promise.scala:285)
	at scala.concurrent.impl.Promise$Transformation.run(Promise.scala:504)
	at java.base/java.util.concurrent.ThreadPoolExecutor.runWorker(ThreadPoolExecutor.java:1128)
	at java.base/java.util.concurrent.ThreadPoolExecutor$Worker.run(ThreadPoolExecutor.java:628)
	at java.base/java.lang.Thread.run(Thread.java:834)
Caused by: java.lang.IllegalArgumentException: Illegal character in path at index 17: file:///d:/GitHub Repos/learning/functional programming principles in scala/progfun1-example
	at java.base/java.net.URI.create(URI.java:883)
	at scala.meta.internal.mtags.MtagsEnrichments$XtensionStringMtags.toAbsolutePath(MtagsEnrichments.scala:158)
	at scala.meta.internal.metals.MetalsEnrichments$XtensionString.toAbsolutePath(MetalsEnrichments.scala:609)
	at scala.meta.internal.metals.MetalsEnrichments$XtensionString.toAbsolutePath(MetalsEnrichments.scala:606)
	at scala.meta.internal.metals.MetalsLanguageServer.updateWorkspaceDirectory(MetalsLanguageServer.scala:365)
	at scala.meta.internal.metals.MetalsLanguageServer.$anonfun$initialize$2(MetalsLanguageServer.scala:879)
	at scala.concurrent.Future$.$anonfun$apply$1(Future.scala:678)
	at scala.concurrent.impl.Promise$Transformation.run(Promise.scala:467)
	... 3 more
Caused by: java.net.URISyntaxException: Illegal character in path at index 17: file:///d:/GitHub Repos/learning/functional programming principles in scala/progfun1-example
	at java.base/java.net.URI$Parser.fail(URI.java:2915)
	at java.base/java.net.URI$Parser.checkChars(URI.java:3086)
	at java.base/java.net.URI$Parser.parseHierarchical(URI.java:3168)
	at java.base/java.net.URI$Parser.parse(URI.java:3116)
	at java.base/java.net.URI.<init>(URI.java:600)
	at java.base/java.net.URI.create(URI.java:881)
	... 10 more

2023.01.03 16:09:46 INFO  tracing is disabled for protocol LSP, to enable tracing of incoming and outgoing JSON messages create an empty file at d:\GitHub Repos\learning\functional programming principles in scala\progfun1-example\.metals\lsp.trace.json or C:\Users\ckinl\AppData\Local\scalameta\metals\cache\lsp.trace.json
Jan 03, 2023 4:09:47 PM org.eclipse.lsp4j.jsonrpc.RemoteEndpoint fallbackResponseError
SEVERE: Internal error: java.lang.IllegalArgumentException: Illegal character in path at index 17: file:///d:/GitHub Repos/learning/functional programming principles in scala/progfun1-example
java.util.concurrent.CompletionException: java.lang.IllegalArgumentException: Illegal character in path at index 17: file:///d:/GitHub Repos/learning/functional programming principles in scala/progfun1-example
	at java.base/java.util.concurrent.CompletableFuture.encodeThrowable(CompletableFuture.java:331)
	at java.base/java.util.concurrent.CompletableFuture.completeThrowable(CompletableFuture.java:346)
	at java.base/java.util.concurrent.CompletableFuture$UniAccept.tryFire(CompletableFuture.java:704)
	at java.base/java.util.concurrent.CompletableFuture.postComplete(CompletableFuture.java:506)
	at java.base/java.util.concurrent.CompletableFuture.completeExceptionally(CompletableFuture.java:2088)
	at scala.concurrent.java8.FuturesConvertersImpl$CF.apply(FutureConvertersImpl.scala:29)
	at scala.concurrent.java8.FuturesConvertersImpl$CF.apply(FutureConvertersImpl.scala:26)
	at scala.concurrent.impl.Promise$Transformation.run(Promise.scala:484)
	at scala.concurrent.ExecutionContext$parasitic$.execute(ExecutionContext.scala:222)
	at scala.concurrent.impl.Promise$Transformation.submitWithValue(Promise.scala:429)
	at scala.concurrent.impl.Promise$DefaultPromise.submitWithValue(Promise.scala:338)
	at scala.concurrent.impl.Promise$DefaultPromise.tryComplete0(Promise.scala:285)
	at scala.concurrent.impl.Promise$Transformation.run(Promise.scala:504)
	at java.base/java.util.concurrent.ThreadPoolExecutor.runWorker(ThreadPoolExecutor.java:1128)
	at java.base/java.util.concurrent.ThreadPoolExecutor$Worker.run(ThreadPoolExecutor.java:628)
	at java.base/java.lang.Thread.run(Thread.java:834)
Caused by: java.lang.IllegalArgumentException: Illegal character in path at index 17: file:///d:/GitHub Repos/learning/functional programming principles in scala/progfun1-example
	at java.base/java.net.URI.create(URI.java:883)
	at scala.meta.internal.mtags.MtagsEnrichments$XtensionStringMtags.toAbsolutePath(MtagsEnrichments.scala:158)
	at scala.meta.internal.metals.MetalsEnrichments$XtensionString.toAbsolutePath(MetalsEnrichments.scala:609)
	at scala.meta.internal.metals.MetalsEnrichments$XtensionString.toAbsolutePath(MetalsEnrichments.scala:606)
	at scala.meta.internal.metals.MetalsLanguageServer.updateWorkspaceDirectory(MetalsLanguageServer.scala:365)
	at scala.meta.internal.metals.MetalsLanguageServer.$anonfun$initialize$2(MetalsLanguageServer.scala:879)
	at scala.concurrent.Future$.$anonfun$apply$1(Future.scala:678)
	at scala.concurrent.impl.Promise$Transformation.run(Promise.scala:467)
	... 3 more
Caused by: java.net.URISyntaxException: Illegal character in path at index 17: file:///d:/GitHub Repos/learning/functional programming principles in scala/progfun1-example
	at java.base/java.net.URI$Parser.fail(URI.java:2915)
	at java.base/java.net.URI$Parser.checkChars(URI.java:3086)
	at java.base/java.net.URI$Parser.parseHierarchical(URI.java:3168)
	at java.base/java.net.URI$Parser.parse(URI.java:3116)
	at java.base/java.net.URI.<init>(URI.java:600)
	at java.base/java.net.URI.create(URI.java:881)
	... 10 more

2023.01.03 16:09:50 INFO  tracing is disabled for protocol LSP, to enable tracing of incoming and outgoing JSON messages create an empty file at d:\GitHub Repos\learning\functional programming principles in scala\progfun1-example\.metals\lsp.trace.json or C:\Users\ckinl\AppData\Local\scalameta\metals\cache\lsp.trace.json
Jan 03, 2023 4:09:51 PM org.eclipse.lsp4j.jsonrpc.RemoteEndpoint fallbackResponseError
SEVERE: Internal error: java.lang.IllegalArgumentException: Illegal character in path at index 17: file:///d:/GitHub Repos/learning/functional programming principles in scala/progfun1-example
java.util.concurrent.CompletionException: java.lang.IllegalArgumentException: Illegal character in path at index 17: file:///d:/GitHub Repos/learning/functional programming principles in scala/progfun1-example
	at java.base/java.util.concurrent.CompletableFuture.encodeThrowable(CompletableFuture.java:331)
	at java.base/java.util.concurrent.CompletableFuture.completeThrowable(CompletableFuture.java:346)
	at java.base/java.util.concurrent.CompletableFuture$UniAccept.tryFire(CompletableFuture.java:704)
	at java.base/java.util.concurrent.CompletableFuture.postComplete(CompletableFuture.java:506)
	at java.base/java.util.concurrent.CompletableFuture.completeExceptionally(CompletableFuture.java:2088)
	at scala.concurrent.java8.FuturesConvertersImpl$CF.apply(FutureConvertersImpl.scala:29)
	at scala.concurrent.java8.FuturesConvertersImpl$CF.apply(FutureConvertersImpl.scala:26)
	at scala.concurrent.impl.Promise$Transformation.run(Promise.scala:484)
	at scala.concurrent.ExecutionContext$parasitic$.execute(ExecutionContext.scala:222)
	at scala.concurrent.impl.Promise$Transformation.submitWithValue(Promise.scala:429)
	at scala.concurrent.impl.Promise$DefaultPromise.submitWithValue(Promise.scala:338)
	at scala.concurrent.impl.Promise$DefaultPromise.tryComplete0(Promise.scala:285)
	at scala.concurrent.impl.Promise$Transformation.run(Promise.scala:504)
	at java.base/java.util.concurrent.ThreadPoolExecutor.runWorker(ThreadPoolExecutor.java:1128)
	at java.base/java.util.concurrent.ThreadPoolExecutor$Worker.run(ThreadPoolExecutor.java:628)
	at java.base/java.lang.Thread.run(Thread.java:834)
Caused by: java.lang.IllegalArgumentException: Illegal character in path at index 17: file:///d:/GitHub Repos/learning/functional programming principles in scala/progfun1-example
	at java.base/java.net.URI.create(URI.java:883)
	at scala.meta.internal.mtags.MtagsEnrichments$XtensionStringMtags.toAbsolutePath(MtagsEnrichments.scala:158)
	at scala.meta.internal.metals.MetalsEnrichments$XtensionString.toAbsolutePath(MetalsEnrichments.scala:609)
	at scala.meta.internal.metals.MetalsEnrichments$XtensionString.toAbsolutePath(MetalsEnrichments.scala:606)
	at scala.meta.internal.metals.MetalsLanguageServer.updateWorkspaceDirectory(MetalsLanguageServer.scala:365)
	at scala.meta.internal.metals.MetalsLanguageServer.$anonfun$initialize$2(MetalsLanguageServer.scala:879)
	at scala.concurrent.Future$.$anonfun$apply$1(Future.scala:678)
	at scala.concurrent.impl.Promise$Transformation.run(Promise.scala:467)
	... 3 more
Caused by: java.net.URISyntaxException: Illegal character in path at index 17: file:///d:/GitHub Repos/learning/functional programming principles in scala/progfun1-example
	at java.base/java.net.URI$Parser.fail(URI.java:2915)
	at java.base/java.net.URI$Parser.checkChars(URI.java:3086)
	at java.base/java.net.URI$Parser.parseHierarchical(URI.java:3168)
	at java.base/java.net.URI$Parser.parse(URI.java:3116)
	at java.base/java.net.URI.<init>(URI.java:600)
	at java.base/java.net.URI.create(URI.java:881)
	... 10 more

2023.01.03 16:09:55 INFO  tracing is disabled for protocol LSP, to enable tracing of incoming and outgoing JSON messages create an empty file at d:\GitHub Repos\learning\functional programming principles in scala\progfun1-example\.metals\lsp.trace.json or C:\Users\ckinl\AppData\Local\scalameta\metals\cache\lsp.trace.json
Jan 03, 2023 4:09:56 PM org.eclipse.lsp4j.jsonrpc.RemoteEndpoint fallbackResponseError
SEVERE: Internal error: java.lang.IllegalArgumentException: Illegal character in path at index 17: file:///d:/GitHub Repos/learning/functional programming principles in scala/progfun1-example
java.util.concurrent.CompletionException: java.lang.IllegalArgumentException: Illegal character in path at index 17: file:///d:/GitHub Repos/learning/functional programming principles in scala/progfun1-example
	at java.base/java.util.concurrent.CompletableFuture.encodeThrowable(CompletableFuture.java:331)
	at java.base/java.util.concurrent.CompletableFuture.completeThrowable(CompletableFuture.java:346)
	at java.base/java.util.concurrent.CompletableFuture$UniAccept.tryFire(CompletableFuture.java:704)
	at java.base/java.util.concurrent.CompletableFuture.postComplete(CompletableFuture.java:506)
	at java.base/java.util.concurrent.CompletableFuture.completeExceptionally(CompletableFuture.java:2088)
	at scala.concurrent.java8.FuturesConvertersImpl$CF.apply(FutureConvertersImpl.scala:29)
	at scala.concurrent.java8.FuturesConvertersImpl$CF.apply(FutureConvertersImpl.scala:26)
	at scala.concurrent.impl.Promise$Transformation.run(Promise.scala:484)
	at scala.concurrent.ExecutionContext$parasitic$.execute(ExecutionContext.scala:222)
	at scala.concurrent.impl.Promise$Transformation.submitWithValue(Promise.scala:429)
	at scala.concurrent.impl.Promise$DefaultPromise.submitWithValue(Promise.scala:338)
	at scala.concurrent.impl.Promise$DefaultPromise.tryComplete0(Promise.scala:285)
	at scala.concurrent.impl.Promise$Transformation.run(Promise.scala:504)
	at java.base/java.util.concurrent.ThreadPoolExecutor.runWorker(ThreadPoolExecutor.java:1128)
	at java.base/java.util.concurrent.ThreadPoolExecutor$Worker.run(ThreadPoolExecutor.java:628)
	at java.base/java.lang.Thread.run(Thread.java:834)
Caused by: java.lang.IllegalArgumentException: Illegal character in path at index 17: file:///d:/GitHub Repos/learning/functional programming principles in scala/progfun1-example
	at java.base/java.net.URI.create(URI.java:883)
	at scala.meta.internal.mtags.MtagsEnrichments$XtensionStringMtags.toAbsolutePath(MtagsEnrichments.scala:158)
	at scala.meta.internal.metals.MetalsEnrichments$XtensionString.toAbsolutePath(MetalsEnrichments.scala:609)
	at scala.meta.internal.metals.MetalsEnrichments$XtensionString.toAbsolutePath(MetalsEnrichments.scala:606)
	at scala.meta.internal.metals.MetalsLanguageServer.updateWorkspaceDirectory(MetalsLanguageServer.scala:365)
	at scala.meta.internal.metals.MetalsLanguageServer.$anonfun$initialize$2(MetalsLanguageServer.scala:879)
	at scala.concurrent.Future$.$anonfun$apply$1(Future.scala:678)
	at scala.concurrent.impl.Promise$Transformation.run(Promise.scala:467)
	... 3 more
Caused by: java.net.URISyntaxException: Illegal character in path at index 17: file:///d:/GitHub Repos/learning/functional programming principles in scala/progfun1-example
	at java.base/java.net.URI$Parser.fail(URI.java:2915)
	at java.base/java.net.URI$Parser.checkChars(URI.java:3086)
	at java.base/java.net.URI$Parser.parseHierarchical(URI.java:3168)
	at java.base/java.net.URI$Parser.parse(URI.java:3116)
	at java.base/java.net.URI.<init>(URI.java:600)
	at java.base/java.net.URI.create(URI.java:881)
	... 10 more

2023.01.03 16:09:59 INFO  tracing is disabled for protocol LSP, to enable tracing of incoming and outgoing JSON messages create an empty file at d:\GitHub Repos\learning\functional programming principles in scala\progfun1-example\.metals\lsp.trace.json or C:\Users\ckinl\AppData\Local\scalameta\metals\cache\lsp.trace.json
Jan 03, 2023 4:10:00 PM org.eclipse.lsp4j.jsonrpc.RemoteEndpoint fallbackResponseError
SEVERE: Internal error: java.lang.IllegalArgumentException: Illegal character in path at index 17: file:///d:/GitHub Repos/learning/functional programming principles in scala/progfun1-example
java.util.concurrent.CompletionException: java.lang.IllegalArgumentException: Illegal character in path at index 17: file:///d:/GitHub Repos/learning/functional programming principles in scala/progfun1-example
	at java.base/java.util.concurrent.CompletableFuture.encodeThrowable(CompletableFuture.java:331)
	at java.base/java.util.concurrent.CompletableFuture.completeThrowable(CompletableFuture.java:346)
	at java.base/java.util.concurrent.CompletableFuture$UniAccept.tryFire(CompletableFuture.java:704)
	at java.base/java.util.concurrent.CompletableFuture.postComplete(CompletableFuture.java:506)
	at java.base/java.util.concurrent.CompletableFuture.completeExceptionally(CompletableFuture.java:2088)
	at scala.concurrent.java8.FuturesConvertersImpl$CF.apply(FutureConvertersImpl.scala:29)
	at scala.concurrent.java8.FuturesConvertersImpl$CF.apply(FutureConvertersImpl.scala:26)
	at scala.concurrent.impl.Promise$Transformation.run(Promise.scala:484)
	at scala.concurrent.ExecutionContext$parasitic$.execute(ExecutionContext.scala:222)
	at scala.concurrent.impl.Promise$Transformation.submitWithValue(Promise.scala:429)
	at scala.concurrent.impl.Promise$DefaultPromise.submitWithValue(Promise.scala:338)
	at scala.concurrent.impl.Promise$DefaultPromise.tryComplete0(Promise.scala:285)
	at scala.concurrent.impl.Promise$Transformation.run(Promise.scala:504)
	at java.base/java.util.concurrent.ThreadPoolExecutor.runWorker(ThreadPoolExecutor.java:1128)
	at java.base/java.util.concurrent.ThreadPoolExecutor$Worker.run(ThreadPoolExecutor.java:628)
	at java.base/java.lang.Thread.run(Thread.java:834)
Caused by: java.lang.IllegalArgumentException: Illegal character in path at index 17: file:///d:/GitHub Repos/learning/functional programming principles in scala/progfun1-example
	at java.base/java.net.URI.create(URI.java:883)
	at scala.meta.internal.mtags.MtagsEnrichments$XtensionStringMtags.toAbsolutePath(MtagsEnrichments.scala:158)
	at scala.meta.internal.metals.MetalsEnrichments$XtensionString.toAbsolutePath(MetalsEnrichments.scala:609)
	at scala.meta.internal.metals.MetalsEnrichments$XtensionString.toAbsolutePath(MetalsEnrichments.scala:606)
	at scala.meta.internal.metals.MetalsLanguageServer.updateWorkspaceDirectory(MetalsLanguageServer.scala:365)
	at scala.meta.internal.metals.MetalsLanguageServer.$anonfun$initialize$2(MetalsLanguageServer.scala:879)
	at scala.concurrent.Future$.$anonfun$apply$1(Future.scala:678)
	at scala.concurrent.impl.Promise$Transformation.run(Promise.scala:467)
	... 3 more
Caused by: java.net.URISyntaxException: Illegal character in path at index 17: file:///d:/GitHub Repos/learning/functional programming principles in scala/progfun1-example
	at java.base/java.net.URI$Parser.fail(URI.java:2915)
	at java.base/java.net.URI$Parser.checkChars(URI.java:3086)
	at java.base/java.net.URI$Parser.parseHierarchical(URI.java:3168)
	at java.base/java.net.URI$Parser.parse(URI.java:3116)
	at java.base/java.net.URI.<init>(URI.java:600)
	at java.base/java.net.URI.create(URI.java:881)
	... 10 more

2023.01.03 16:10:04 INFO  tracing is disabled for protocol LSP, to enable tracing of incoming and outgoing JSON messages create an empty file at d:\GitHub Repos\learning\functional programming principles in scala\progfun1-example\.metals\lsp.trace.json or C:\Users\ckinl\AppData\Local\scalameta\metals\cache\lsp.trace.json
Jan 03, 2023 4:10:05 PM org.eclipse.lsp4j.jsonrpc.RemoteEndpoint fallbackResponseError
SEVERE: Internal error: java.lang.IllegalArgumentException: Illegal character in path at index 17: file:///d:/GitHub Repos/learning/functional programming principles in scala/progfun1-example
java.util.concurrent.CompletionException: java.lang.IllegalArgumentException: Illegal character in path at index 17: file:///d:/GitHub Repos/learning/functional programming principles in scala/progfun1-example
	at java.base/java.util.concurrent.CompletableFuture.encodeThrowable(CompletableFuture.java:331)
	at java.base/java.util.concurrent.CompletableFuture.completeThrowable(CompletableFuture.java:346)
	at java.base/java.util.concurrent.CompletableFuture$UniAccept.tryFire(CompletableFuture.java:704)
	at java.base/java.util.concurrent.CompletableFuture.postComplete(CompletableFuture.java:506)
	at java.base/java.util.concurrent.CompletableFuture.completeExceptionally(CompletableFuture.java:2088)
	at scala.concurrent.java8.FuturesConvertersImpl$CF.apply(FutureConvertersImpl.scala:29)
	at scala.concurrent.java8.FuturesConvertersImpl$CF.apply(FutureConvertersImpl.scala:26)
	at scala.concurrent.impl.Promise$Transformation.run(Promise.scala:484)
	at scala.concurrent.ExecutionContext$parasitic$.execute(ExecutionContext.scala:222)
	at scala.concurrent.impl.Promise$Transformation.submitWithValue(Promise.scala:429)
	at scala.concurrent.impl.Promise$DefaultPromise.submitWithValue(Promise.scala:338)
	at scala.concurrent.impl.Promise$DefaultPromise.tryComplete0(Promise.scala:285)
	at scala.concurrent.impl.Promise$Transformation.run(Promise.scala:504)
	at java.base/java.util.concurrent.ThreadPoolExecutor.runWorker(ThreadPoolExecutor.java:1128)
	at java.base/java.util.concurrent.ThreadPoolExecutor$Worker.run(ThreadPoolExecutor.java:628)
	at java.base/java.lang.Thread.run(Thread.java:834)
Caused by: java.lang.IllegalArgumentException: Illegal character in path at index 17: file:///d:/GitHub Repos/learning/functional programming principles in scala/progfun1-example
	at java.base/java.net.URI.create(URI.java:883)
	at scala.meta.internal.mtags.MtagsEnrichments$XtensionStringMtags.toAbsolutePath(MtagsEnrichments.scala:158)
	at scala.meta.internal.metals.MetalsEnrichments$XtensionString.toAbsolutePath(MetalsEnrichments.scala:609)
	at scala.meta.internal.metals.MetalsEnrichments$XtensionString.toAbsolutePath(MetalsEnrichments.scala:606)
	at scala.meta.internal.metals.MetalsLanguageServer.updateWorkspaceDirectory(MetalsLanguageServer.scala:365)
	at scala.meta.internal.metals.MetalsLanguageServer.$anonfun$initialize$2(MetalsLanguageServer.scala:879)
	at scala.concurrent.Future$.$anonfun$apply$1(Future.scala:678)
	at scala.concurrent.impl.Promise$Transformation.run(Promise.scala:467)
	... 3 more
Caused by: java.net.URISyntaxException: Illegal character in path at index 17: file:///d:/GitHub Repos/learning/functional programming principles in scala/progfun1-example
	at java.base/java.net.URI$Parser.fail(URI.java:2915)
	at java.base/java.net.URI$Parser.checkChars(URI.java:3086)
	at java.base/java.net.URI$Parser.parseHierarchical(URI.java:3168)
	at java.base/java.net.URI$Parser.parse(URI.java:3116)
	at java.base/java.net.URI.<init>(URI.java:600)
	at java.base/java.net.URI.create(URI.java:881)
	... 10 more

2023.01.03 16:10:47 INFO  tracing is disabled for protocol LSP, to enable tracing of incoming and outgoing JSON messages create an empty file at d:\GitHub Repos\learning\functional programming principles in scala\progfun1-example\.metals\lsp.trace.json or C:\Users\ckinl\AppData\Local\scalameta\metals\cache\lsp.trace.json
Jan 03, 2023 4:10:48 PM org.eclipse.lsp4j.jsonrpc.RemoteEndpoint fallbackResponseError
SEVERE: Internal error: java.lang.IllegalArgumentException: Illegal character in path at index 17: file:///d:/GitHub Repos/learning/functional programming principles in scala/progfun1-example
java.util.concurrent.CompletionException: java.lang.IllegalArgumentException: Illegal character in path at index 17: file:///d:/GitHub Repos/learning/functional programming principles in scala/progfun1-example
	at java.base/java.util.concurrent.CompletableFuture.encodeThrowable(CompletableFuture.java:331)
	at java.base/java.util.concurrent.CompletableFuture.completeThrowable(CompletableFuture.java:346)
	at java.base/java.util.concurrent.CompletableFuture$UniAccept.tryFire(CompletableFuture.java:704)
	at java.base/java.util.concurrent.CompletableFuture.postComplete(CompletableFuture.java:506)
	at java.base/java.util.concurrent.CompletableFuture.completeExceptionally(CompletableFuture.java:2088)
	at scala.concurrent.java8.FuturesConvertersImpl$CF.apply(FutureConvertersImpl.scala:29)
	at scala.concurrent.java8.FuturesConvertersImpl$CF.apply(FutureConvertersImpl.scala:26)
	at scala.concurrent.impl.Promise$Transformation.run(Promise.scala:484)
	at scala.concurrent.ExecutionContext$parasitic$.execute(ExecutionContext.scala:222)
	at scala.concurrent.impl.Promise$Transformation.submitWithValue(Promise.scala:429)
	at scala.concurrent.impl.Promise$DefaultPromise.submitWithValue(Promise.scala:338)
	at scala.concurrent.impl.Promise$DefaultPromise.tryComplete0(Promise.scala:285)
	at scala.concurrent.impl.Promise$Transformation.run(Promise.scala:504)
	at java.base/java.util.concurrent.ThreadPoolExecutor.runWorker(ThreadPoolExecutor.java:1128)
	at java.base/java.util.concurrent.ThreadPoolExecutor$Worker.run(ThreadPoolExecutor.java:628)
	at java.base/java.lang.Thread.run(Thread.java:834)
Caused by: java.lang.IllegalArgumentException: Illegal character in path at index 17: file:///d:/GitHub Repos/learning/functional programming principles in scala/progfun1-example
	at java.base/java.net.URI.create(URI.java:883)
	at scala.meta.internal.mtags.MtagsEnrichments$XtensionStringMtags.toAbsolutePath(MtagsEnrichments.scala:158)
	at scala.meta.internal.metals.MetalsEnrichments$XtensionString.toAbsolutePath(MetalsEnrichments.scala:609)
	at scala.meta.internal.metals.MetalsEnrichments$XtensionString.toAbsolutePath(MetalsEnrichments.scala:606)
	at scala.meta.internal.metals.MetalsLanguageServer.updateWorkspaceDirectory(MetalsLanguageServer.scala:365)
	at scala.meta.internal.metals.MetalsLanguageServer.$anonfun$initialize$2(MetalsLanguageServer.scala:879)
	at scala.concurrent.Future$.$anonfun$apply$1(Future.scala:678)
	at scala.concurrent.impl.Promise$Transformation.run(Promise.scala:467)
	... 3 more
Caused by: java.net.URISyntaxException: Illegal character in path at index 17: file:///d:/GitHub Repos/learning/functional programming principles in scala/progfun1-example
	at java.base/java.net.URI$Parser.fail(URI.java:2915)
	at java.base/java.net.URI$Parser.checkChars(URI.java:3086)
	at java.base/java.net.URI$Parser.parseHierarchical(URI.java:3168)
	at java.base/java.net.URI$Parser.parse(URI.java:3116)
	at java.base/java.net.URI.<init>(URI.java:600)
	at java.base/java.net.URI.create(URI.java:881)
	... 10 more

2023.01.03 16:10:53 INFO  tracing is disabled for protocol LSP, to enable tracing of incoming and outgoing JSON messages create an empty file at d:\GitHub Repos\learning\functional programming principles in scala\progfun1-example\.metals\lsp.trace.json or C:\Users\ckinl\AppData\Local\scalameta\metals\cache\lsp.trace.json
Jan 03, 2023 4:10:54 PM org.eclipse.lsp4j.jsonrpc.RemoteEndpoint fallbackResponseError
SEVERE: Internal error: java.lang.IllegalArgumentException: Illegal character in path at index 17: file:///d:/GitHub Repos/learning/functional programming principles in scala/progfun1-example
java.util.concurrent.CompletionException: java.lang.IllegalArgumentException: Illegal character in path at index 17: file:///d:/GitHub Repos/learning/functional programming principles in scala/progfun1-example
	at java.base/java.util.concurrent.CompletableFuture.encodeThrowable(CompletableFuture.java:331)
	at java.base/java.util.concurrent.CompletableFuture.completeThrowable(CompletableFuture.java:346)
	at java.base/java.util.concurrent.CompletableFuture$UniAccept.tryFire(CompletableFuture.java:704)
	at java.base/java.util.concurrent.CompletableFuture.postComplete(CompletableFuture.java:506)
	at java.base/java.util.concurrent.CompletableFuture.completeExceptionally(CompletableFuture.java:2088)
	at scala.concurrent.java8.FuturesConvertersImpl$CF.apply(FutureConvertersImpl.scala:29)
	at scala.concurrent.java8.FuturesConvertersImpl$CF.apply(FutureConvertersImpl.scala:26)
	at scala.concurrent.impl.Promise$Transformation.run(Promise.scala:484)
	at scala.concurrent.ExecutionContext$parasitic$.execute(ExecutionContext.scala:222)
	at scala.concurrent.impl.Promise$Transformation.submitWithValue(Promise.scala:429)
	at scala.concurrent.impl.Promise$DefaultPromise.submitWithValue(Promise.scala:338)
	at scala.concurrent.impl.Promise$DefaultPromise.tryComplete0(Promise.scala:285)
	at scala.concurrent.impl.Promise$Transformation.run(Promise.scala:504)
	at java.base/java.util.concurrent.ThreadPoolExecutor.runWorker(ThreadPoolExecutor.java:1128)
	at java.base/java.util.concurrent.ThreadPoolExecutor$Worker.run(ThreadPoolExecutor.java:628)
	at java.base/java.lang.Thread.run(Thread.java:834)
Caused by: java.lang.IllegalArgumentException: Illegal character in path at index 17: file:///d:/GitHub Repos/learning/functional programming principles in scala/progfun1-example
	at java.base/java.net.URI.create(URI.java:883)
	at scala.meta.internal.mtags.MtagsEnrichments$XtensionStringMtags.toAbsolutePath(MtagsEnrichments.scala:158)
	at scala.meta.internal.metals.MetalsEnrichments$XtensionString.toAbsolutePath(MetalsEnrichments.scala:609)
	at scala.meta.internal.metals.MetalsEnrichments$XtensionString.toAbsolutePath(MetalsEnrichments.scala:606)
	at scala.meta.internal.metals.MetalsLanguageServer.updateWorkspaceDirectory(MetalsLanguageServer.scala:365)
	at scala.meta.internal.metals.MetalsLanguageServer.$anonfun$initialize$2(MetalsLanguageServer.scala:879)
	at scala.concurrent.Future$.$anonfun$apply$1(Future.scala:678)
	at scala.concurrent.impl.Promise$Transformation.run(Promise.scala:467)
	... 3 more
Caused by: java.net.URISyntaxException: Illegal character in path at index 17: file:///d:/GitHub Repos/learning/functional programming principles in scala/progfun1-example
	at java.base/java.net.URI$Parser.fail(URI.java:2915)
	at java.base/java.net.URI$Parser.checkChars(URI.java:3086)
	at java.base/java.net.URI$Parser.parseHierarchical(URI.java:3168)
	at java.base/java.net.URI$Parser.parse(URI.java:3116)
	at java.base/java.net.URI.<init>(URI.java:600)
	at java.base/java.net.URI.create(URI.java:881)
	... 10 more

2023.01.03 16:10:57 INFO  tracing is disabled for protocol LSP, to enable tracing of incoming and outgoing JSON messages create an empty file at d:\GitHub Repos\learning\functional programming principles in scala\progfun1-example\.metals\lsp.trace.json or C:\Users\ckinl\AppData\Local\scalameta\metals\cache\lsp.trace.json
Jan 03, 2023 4:10:58 PM org.eclipse.lsp4j.jsonrpc.RemoteEndpoint fallbackResponseError
SEVERE: Internal error: java.lang.IllegalArgumentException: Illegal character in path at index 17: file:///d:/GitHub Repos/learning/functional programming principles in scala/progfun1-example
java.util.concurrent.CompletionException: java.lang.IllegalArgumentException: Illegal character in path at index 17: file:///d:/GitHub Repos/learning/functional programming principles in scala/progfun1-example
	at java.base/java.util.concurrent.CompletableFuture.encodeThrowable(CompletableFuture.java:331)
	at java.base/java.util.concurrent.CompletableFuture.completeThrowable(CompletableFuture.java:346)
	at java.base/java.util.concurrent.CompletableFuture$UniAccept.tryFire(CompletableFuture.java:704)
	at java.base/java.util.concurrent.CompletableFuture.postComplete(CompletableFuture.java:506)
	at java.base/java.util.concurrent.CompletableFuture.completeExceptionally(CompletableFuture.java:2088)
	at scala.concurrent.java8.FuturesConvertersImpl$CF.apply(FutureConvertersImpl.scala:29)
	at scala.concurrent.java8.FuturesConvertersImpl$CF.apply(FutureConvertersImpl.scala:26)
	at scala.concurrent.impl.Promise$Transformation.run(Promise.scala:484)
	at scala.concurrent.ExecutionContext$parasitic$.execute(ExecutionContext.scala:222)
	at scala.concurrent.impl.Promise$Transformation.submitWithValue(Promise.scala:429)
	at scala.concurrent.impl.Promise$DefaultPromise.submitWithValue(Promise.scala:338)
	at scala.concurrent.impl.Promise$DefaultPromise.tryComplete0(Promise.scala:285)
	at scala.concurrent.impl.Promise$Transformation.run(Promise.scala:504)
	at java.base/java.util.concurrent.ThreadPoolExecutor.runWorker(ThreadPoolExecutor.java:1128)
	at java.base/java.util.concurrent.ThreadPoolExecutor$Worker.run(ThreadPoolExecutor.java:628)
	at java.base/java.lang.Thread.run(Thread.java:834)
Caused by: java.lang.IllegalArgumentException: Illegal character in path at index 17: file:///d:/GitHub Repos/learning/functional programming principles in scala/progfun1-example
	at java.base/java.net.URI.create(URI.java:883)
	at scala.meta.internal.mtags.MtagsEnrichments$XtensionStringMtags.toAbsolutePath(MtagsEnrichments.scala:158)
	at scala.meta.internal.metals.MetalsEnrichments$XtensionString.toAbsolutePath(MetalsEnrichments.scala:609)
	at scala.meta.internal.metals.MetalsEnrichments$XtensionString.toAbsolutePath(MetalsEnrichments.scala:606)
	at scala.meta.internal.metals.MetalsLanguageServer.updateWorkspaceDirectory(MetalsLanguageServer.scala:365)
	at scala.meta.internal.metals.MetalsLanguageServer.$anonfun$initialize$2(MetalsLanguageServer.scala:879)
	at scala.concurrent.Future$.$anonfun$apply$1(Future.scala:678)
	at scala.concurrent.impl.Promise$Transformation.run(Promise.scala:467)
	... 3 more
Caused by: java.net.URISyntaxException: Illegal character in path at index 17: file:///d:/GitHub Repos/learning/functional programming principles in scala/progfun1-example
	at java.base/java.net.URI$Parser.fail(URI.java:2915)
	at java.base/java.net.URI$Parser.checkChars(URI.java:3086)
	at java.base/java.net.URI$Parser.parseHierarchical(URI.java:3168)
	at java.base/java.net.URI$Parser.parse(URI.java:3116)
	at java.base/java.net.URI.<init>(URI.java:600)
	at java.base/java.net.URI.create(URI.java:881)
	... 10 more

2023.01.03 16:11:01 INFO  tracing is disabled for protocol LSP, to enable tracing of incoming and outgoing JSON messages create an empty file at d:\GitHub Repos\learning\functional programming principles in scala\progfun1-example\.metals\lsp.trace.json or C:\Users\ckinl\AppData\Local\scalameta\metals\cache\lsp.trace.json
Jan 03, 2023 4:11:02 PM org.eclipse.lsp4j.jsonrpc.RemoteEndpoint fallbackResponseError
SEVERE: Internal error: java.lang.IllegalArgumentException: Illegal character in path at index 17: file:///d:/GitHub Repos/learning/functional programming principles in scala/progfun1-example
java.util.concurrent.CompletionException: java.lang.IllegalArgumentException: Illegal character in path at index 17: file:///d:/GitHub Repos/learning/functional programming principles in scala/progfun1-example
	at java.base/java.util.concurrent.CompletableFuture.encodeThrowable(CompletableFuture.java:331)
	at java.base/java.util.concurrent.CompletableFuture.completeThrowable(CompletableFuture.java:346)
	at java.base/java.util.concurrent.CompletableFuture$UniAccept.tryFire(CompletableFuture.java:704)
	at java.base/java.util.concurrent.CompletableFuture.postComplete(CompletableFuture.java:506)
	at java.base/java.util.concurrent.CompletableFuture.completeExceptionally(CompletableFuture.java:2088)
	at scala.concurrent.java8.FuturesConvertersImpl$CF.apply(FutureConvertersImpl.scala:29)
	at scala.concurrent.java8.FuturesConvertersImpl$CF.apply(FutureConvertersImpl.scala:26)
	at scala.concurrent.impl.Promise$Transformation.run(Promise.scala:484)
	at scala.concurrent.ExecutionContext$parasitic$.execute(ExecutionContext.scala:222)
	at scala.concurrent.impl.Promise$Transformation.submitWithValue(Promise.scala:429)
	at scala.concurrent.impl.Promise$DefaultPromise.submitWithValue(Promise.scala:338)
	at scala.concurrent.impl.Promise$DefaultPromise.tryComplete0(Promise.scala:285)
	at scala.concurrent.impl.Promise$Transformation.run(Promise.scala:504)
	at java.base/java.util.concurrent.ThreadPoolExecutor.runWorker(ThreadPoolExecutor.java:1128)
	at java.base/java.util.concurrent.ThreadPoolExecutor$Worker.run(ThreadPoolExecutor.java:628)
	at java.base/java.lang.Thread.run(Thread.java:834)
Caused by: java.lang.IllegalArgumentException: Illegal character in path at index 17: file:///d:/GitHub Repos/learning/functional programming principles in scala/progfun1-example
	at java.base/java.net.URI.create(URI.java:883)
	at scala.meta.internal.mtags.MtagsEnrichments$XtensionStringMtags.toAbsolutePath(MtagsEnrichments.scala:158)
	at scala.meta.internal.metals.MetalsEnrichments$XtensionString.toAbsolutePath(MetalsEnrichments.scala:609)
	at scala.meta.internal.metals.MetalsEnrichments$XtensionString.toAbsolutePath(MetalsEnrichments.scala:606)
	at scala.meta.internal.metals.MetalsLanguageServer.updateWorkspaceDirectory(MetalsLanguageServer.scala:365)
	at scala.meta.internal.metals.MetalsLanguageServer.$anonfun$initialize$2(MetalsLanguageServer.scala:879)
	at scala.concurrent.Future$.$anonfun$apply$1(Future.scala:678)
	at scala.concurrent.impl.Promise$Transformation.run(Promise.scala:467)
	... 3 more
Caused by: java.net.URISyntaxException: Illegal character in path at index 17: file:///d:/GitHub Repos/learning/functional programming principles in scala/progfun1-example
	at java.base/java.net.URI$Parser.fail(URI.java:2915)
	at java.base/java.net.URI$Parser.checkChars(URI.java:3086)
	at java.base/java.net.URI$Parser.parseHierarchical(URI.java:3168)
	at java.base/java.net.URI$Parser.parse(URI.java:3116)
	at java.base/java.net.URI.<init>(URI.java:600)
	at java.base/java.net.URI.create(URI.java:881)
	... 10 more

2023.01.03 16:11:05 INFO  tracing is disabled for protocol LSP, to enable tracing of incoming and outgoing JSON messages create an empty file at d:\GitHub Repos\learning\functional programming principles in scala\progfun1-example\.metals\lsp.trace.json or C:\Users\ckinl\AppData\Local\scalameta\metals\cache\lsp.trace.json
Jan 03, 2023 4:11:06 PM org.eclipse.lsp4j.jsonrpc.RemoteEndpoint fallbackResponseError
SEVERE: Internal error: java.lang.IllegalArgumentException: Illegal character in path at index 17: file:///d:/GitHub Repos/learning/functional programming principles in scala/progfun1-example
java.util.concurrent.CompletionException: java.lang.IllegalArgumentException: Illegal character in path at index 17: file:///d:/GitHub Repos/learning/functional programming principles in scala/progfun1-example
	at java.base/java.util.concurrent.CompletableFuture.encodeThrowable(CompletableFuture.java:331)
	at java.base/java.util.concurrent.CompletableFuture.completeThrowable(CompletableFuture.java:346)
	at java.base/java.util.concurrent.CompletableFuture$UniAccept.tryFire(CompletableFuture.java:704)
	at java.base/java.util.concurrent.CompletableFuture.postComplete(CompletableFuture.java:506)
	at java.base/java.util.concurrent.CompletableFuture.completeExceptionally(CompletableFuture.java:2088)
	at scala.concurrent.java8.FuturesConvertersImpl$CF.apply(FutureConvertersImpl.scala:29)
	at scala.concurrent.java8.FuturesConvertersImpl$CF.apply(FutureConvertersImpl.scala:26)
	at scala.concurrent.impl.Promise$Transformation.run(Promise.scala:484)
	at scala.concurrent.ExecutionContext$parasitic$.execute(ExecutionContext.scala:222)
	at scala.concurrent.impl.Promise$Transformation.submitWithValue(Promise.scala:429)
	at scala.concurrent.impl.Promise$DefaultPromise.submitWithValue(Promise.scala:338)
	at scala.concurrent.impl.Promise$DefaultPromise.tryComplete0(Promise.scala:285)
	at scala.concurrent.impl.Promise$Transformation.run(Promise.scala:504)
	at java.base/java.util.concurrent.ThreadPoolExecutor.runWorker(ThreadPoolExecutor.java:1128)
	at java.base/java.util.concurrent.ThreadPoolExecutor$Worker.run(ThreadPoolExecutor.java:628)
	at java.base/java.lang.Thread.run(Thread.java:834)
Caused by: java.lang.IllegalArgumentException: Illegal character in path at index 17: file:///d:/GitHub Repos/learning/functional programming principles in scala/progfun1-example
	at java.base/java.net.URI.create(URI.java:883)
	at scala.meta.internal.mtags.MtagsEnrichments$XtensionStringMtags.toAbsolutePath(MtagsEnrichments.scala:158)
	at scala.meta.internal.metals.MetalsEnrichments$XtensionString.toAbsolutePath(MetalsEnrichments.scala:609)
	at scala.meta.internal.metals.MetalsEnrichments$XtensionString.toAbsolutePath(MetalsEnrichments.scala:606)
	at scala.meta.internal.metals.MetalsLanguageServer.updateWorkspaceDirectory(MetalsLanguageServer.scala:365)
	at scala.meta.internal.metals.MetalsLanguageServer.$anonfun$initialize$2(MetalsLanguageServer.scala:879)
	at scala.concurrent.Future$.$anonfun$apply$1(Future.scala:678)
	at scala.concurrent.impl.Promise$Transformation.run(Promise.scala:467)
	... 3 more
Caused by: java.net.URISyntaxException: Illegal character in path at index 17: file:///d:/GitHub Repos/learning/functional programming principles in scala/progfun1-example
	at java.base/java.net.URI$Parser.fail(URI.java:2915)
	at java.base/java.net.URI$Parser.checkChars(URI.java:3086)
	at java.base/java.net.URI$Parser.parseHierarchical(URI.java:3168)
	at java.base/java.net.URI$Parser.parse(URI.java:3116)
	at java.base/java.net.URI.<init>(URI.java:600)
	at java.base/java.net.URI.create(URI.java:881)
	... 10 more

